{"/Users/errysatrio/Works/test/test-bibit/2/app.js": {"path":"/Users/errysatrio/Works/test/test-bibit/2/app.js","statementMap":{"0":{"start":{"line":4,"column":0},"end":{"line":4,"column":33}},"1":{"start":{"line":5,"column":15},"end":{"line":5,"column":43}},"2":{"start":{"line":6,"column":13},"end":{"line":6,"column":28}},"3":{"start":{"line":7,"column":16},"end":{"line":7,"column":34}},"4":{"start":{"line":8,"column":12},"end":{"line":8,"column":21}},"5":{"start":{"line":10,"column":0},"end":{"line":10,"column":15}},"6":{"start":{"line":11,"column":0},"end":{"line":11,"column":47}},"7":{"start":{"line":12,"column":0},"end":{"line":12,"column":23}},"8":{"start":{"line":14,"column":0},"end":{"line":14,"column":15}},"9":{"start":{"line":17,"column":0},"end":{"line":17,"column":20}}},"fnMap":{},"branchMap":{},"s":{"0":2,"1":2,"2":2,"3":2,"4":2,"5":2,"6":2,"7":2,"8":2,"9":2},"f":{},"b":{},"_coverageSchema":"1a1c01bbd47fc00a2c39e90264f33305004495a9","hash":"8591dfcd79914b10c88e7d03a8f015b9675b1742"}
,"/Users/errysatrio/Works/test/test-bibit/2/config/config.js": {"path":"/Users/errysatrio/Works/test/test-bibit/2/config/config.js","statementMap":{"0":{"start":{"line":1,"column":0},"end":{"line":1,"column":26}},"1":{"start":{"line":3,"column":72},"end":{"line":3,"column":83}},"2":{"start":{"line":5,"column":0},"end":{"line":27,"column":1}}},"fnMap":{},"branchMap":{},"s":{"0":2,"1":2,"2":2},"f":{},"b":{},"_coverageSchema":"1a1c01bbd47fc00a2c39e90264f33305004495a9","hash":"19c81411fe18046eeda3504c9832c6f91526f272"}
,"/Users/errysatrio/Works/test/test-bibit/2/controllers/detailControllers.js": {"path":"/Users/errysatrio/Works/test/test-bibit/2/controllers/detailControllers.js","statementMap":{"0":{"start":{"line":3,"column":14},"end":{"line":3,"column":30}},"1":{"start":{"line":4,"column":37},"end":{"line":4,"column":58}},"2":{"start":{"line":5,"column":28},"end":{"line":5,"column":54}},"3":{"start":{"line":6,"column":35},"end":{"line":6,"column":46}},"4":{"start":{"line":8,"column":0},"end":{"line":28,"column":1}},"5":{"start":{"line":10,"column":8},"end":{"line":26,"column":9}},"6":{"start":{"line":11,"column":36},"end":{"line":11,"column":61}},"7":{"start":{"line":12,"column":29},"end":{"line":12,"column":100}},"8":{"start":{"line":12,"column":74},"end":{"line":12,"column":89}},"9":{"start":{"line":14,"column":24},"end":{"line":14,"column":73}},"10":{"start":{"line":15,"column":25},"end":{"line":18,"column":14}},"11":{"start":{"line":20,"column":12},"end":{"line":20,"column":81}},"12":{"start":{"line":20,"column":48},"end":{"line":20,"column":81}},"13":{"start":{"line":22,"column":12},"end":{"line":22,"column":67}},"14":{"start":{"line":23,"column":12},"end":{"line":23,"column":74}},"15":{"start":{"line":25,"column":12},"end":{"line":25,"column":75}}},"fnMap":{"0":{"name":"(anonymous_0)","decl":{"start":{"line":9,"column":15},"end":{"line":9,"column":16}},"loc":{"start":{"line":9,"column":35},"end":{"line":27,"column":5}},"line":9},"1":{"name":"(anonymous_1)","decl":{"start":{"line":12,"column":65},"end":{"line":12,"column":66}},"loc":{"start":{"line":12,"column":74},"end":{"line":12,"column":89}},"line":12}},"branchMap":{"0":{"loc":{"start":{"line":20,"column":12},"end":{"line":20,"column":81}},"type":"if","locations":[{"start":{"line":20,"column":12},"end":{"line":20,"column":81}},{"start":{"line":20,"column":12},"end":{"line":20,"column":81}}],"line":20}},"s":{"0":2,"1":2,"2":2,"3":2,"4":2,"5":2,"6":2,"7":2,"8":1,"9":2,"10":2,"11":2,"12":1,"13":1,"14":1,"15":1},"f":{"0":2,"1":1},"b":{"0":[1,1]},"_coverageSchema":"1a1c01bbd47fc00a2c39e90264f33305004495a9","hash":"0c0abd0a9d58c98c6cec261d9eb3db53305c2741"}
,"/Users/errysatrio/Works/test/test-bibit/2/controllers/index.js": {"path":"/Users/errysatrio/Works/test/test-bibit/2/controllers/index.js","statementMap":{"0":{"start":{"line":1,"column":26},"end":{"line":1,"column":56}},"1":{"start":{"line":2,"column":26},"end":{"line":2,"column":56}},"2":{"start":{"line":4,"column":0},"end":{"line":7,"column":2}}},"fnMap":{},"branchMap":{},"s":{"0":2,"1":2,"2":2},"f":{},"b":{},"_coverageSchema":"1a1c01bbd47fc00a2c39e90264f33305004495a9","hash":"c8bedb5a4e6727271c6d8e3bcd0b40364289223f"}
,"/Users/errysatrio/Works/test/test-bibit/2/controllers/searchControllers.js": {"path":"/Users/errysatrio/Works/test/test-bibit/2/controllers/searchControllers.js","statementMap":{"0":{"start":{"line":3,"column":14},"end":{"line":3,"column":30}},"1":{"start":{"line":4,"column":37},"end":{"line":4,"column":58}},"2":{"start":{"line":5,"column":28},"end":{"line":5,"column":54}},"3":{"start":{"line":6,"column":35},"end":{"line":6,"column":46}},"4":{"start":{"line":8,"column":0},"end":{"line":28,"column":1}},"5":{"start":{"line":10,"column":8},"end":{"line":26,"column":9}},"6":{"start":{"line":11,"column":36},"end":{"line":11,"column":61}},"7":{"start":{"line":12,"column":29},"end":{"line":12,"column":100}},"8":{"start":{"line":12,"column":74},"end":{"line":12,"column":89}},"9":{"start":{"line":13,"column":24},"end":{"line":13,"column":73}},"10":{"start":{"line":14,"column":25},"end":{"line":17,"column":14}},"11":{"start":{"line":19,"column":12},"end":{"line":19,"column":81}},"12":{"start":{"line":19,"column":48},"end":{"line":19,"column":81}},"13":{"start":{"line":21,"column":12},"end":{"line":21,"column":67}},"14":{"start":{"line":23,"column":12},"end":{"line":23,"column":75}},"15":{"start":{"line":25,"column":12},"end":{"line":25,"column":76}}},"fnMap":{"0":{"name":"(anonymous_0)","decl":{"start":{"line":9,"column":15},"end":{"line":9,"column":16}},"loc":{"start":{"line":9,"column":35},"end":{"line":27,"column":5}},"line":9},"1":{"name":"(anonymous_1)","decl":{"start":{"line":12,"column":65},"end":{"line":12,"column":66}},"loc":{"start":{"line":12,"column":74},"end":{"line":12,"column":89}},"line":12}},"branchMap":{"0":{"loc":{"start":{"line":19,"column":12},"end":{"line":19,"column":81}},"type":"if","locations":[{"start":{"line":19,"column":12},"end":{"line":19,"column":81}},{"start":{"line":19,"column":12},"end":{"line":19,"column":81}}],"line":19}},"s":{"0":2,"1":2,"2":2,"3":2,"4":2,"5":2,"6":2,"7":2,"8":2,"9":2,"10":2,"11":2,"12":1,"13":1,"14":1,"15":1},"f":{"0":2,"1":2},"b":{"0":[1,1]},"_coverageSchema":"1a1c01bbd47fc00a2c39e90264f33305004495a9","hash":"e210239a952b7cd292d3cd099670065e434eac60"}
,"/Users/errysatrio/Works/test/test-bibit/2/helpers/index.js": {"path":"/Users/errysatrio/Works/test/test-bibit/2/helpers/index.js","statementMap":{"0":{"start":{"line":1,"column":17},"end":{"line":1,"column":38}},"1":{"start":{"line":2,"column":23},"end":{"line":2,"column":50}},"2":{"start":{"line":4,"column":0},"end":{"line":7,"column":1}}},"fnMap":{},"branchMap":{},"s":{"0":3,"1":3,"2":3},"f":{},"b":{},"_coverageSchema":"1a1c01bbd47fc00a2c39e90264f33305004495a9","hash":"08ad67951670402df63e6baac6e32076ad7947fa"}
,"/Users/errysatrio/Works/test/test-bibit/2/helpers/queryGenerator.js": {"path":"/Users/errysatrio/Works/test/test-bibit/2/helpers/queryGenerator.js","statementMap":{"0":{"start":{"line":1,"column":0},"end":{"line":14,"column":1}},"1":{"start":{"line":2,"column":26},"end":{"line":2,"column":28}},"2":{"start":{"line":4,"column":4},"end":{"line":4,"column":103}},"3":{"start":{"line":4,"column":67},"end":{"line":4,"column":103}},"4":{"start":{"line":5,"column":4},"end":{"line":5,"column":104}},"5":{"start":{"line":5,"column":68},"end":{"line":5,"column":104}},"6":{"start":{"line":6,"column":4},"end":{"line":6,"column":79}},"7":{"start":{"line":6,"column":47},"end":{"line":6,"column":79}},"8":{"start":{"line":7,"column":4},"end":{"line":7,"column":91}},"9":{"start":{"line":7,"column":53},"end":{"line":7,"column":91}},"10":{"start":{"line":8,"column":4},"end":{"line":8,"column":70}},"11":{"start":{"line":8,"column":41},"end":{"line":8,"column":70}},"12":{"start":{"line":9,"column":4},"end":{"line":9,"column":73}},"13":{"start":{"line":9,"column":41},"end":{"line":9,"column":73}},"14":{"start":{"line":10,"column":4},"end":{"line":10,"column":85}},"15":{"start":{"line":10,"column":51},"end":{"line":10,"column":85}},"16":{"start":{"line":11,"column":4},"end":{"line":11,"column":73}},"17":{"start":{"line":11,"column":41},"end":{"line":11,"column":73}},"18":{"start":{"line":13,"column":4},"end":{"line":13,"column":24}}},"fnMap":{"0":{"name":"querygenerator","decl":{"start":{"line":1,"column":26},"end":{"line":1,"column":40}},"loc":{"start":{"line":1,"column":58},"end":{"line":14,"column":1}},"line":1}},"branchMap":{"0":{"loc":{"start":{"line":4,"column":4},"end":{"line":4,"column":103}},"type":"if","locations":[{"start":{"line":4,"column":4},"end":{"line":4,"column":103}},{"start":{"line":4,"column":4},"end":{"line":4,"column":103}}],"line":4},"1":{"loc":{"start":{"line":4,"column":8},"end":{"line":4,"column":65}},"type":"binary-expr","locations":[{"start":{"line":4,"column":8},"end":{"line":4,"column":16}},{"start":{"line":4,"column":20},"end":{"line":4,"column":37}},{"start":{"line":4,"column":41},"end":{"line":4,"column":65}}],"line":4},"2":{"loc":{"start":{"line":5,"column":4},"end":{"line":5,"column":104}},"type":"if","locations":[{"start":{"line":5,"column":4},"end":{"line":5,"column":104}},{"start":{"line":5,"column":4},"end":{"line":5,"column":104}}],"line":5},"3":{"loc":{"start":{"line":5,"column":8},"end":{"line":5,"column":66}},"type":"binary-expr","locations":[{"start":{"line":5,"column":8},"end":{"line":5,"column":17}},{"start":{"line":5,"column":21},"end":{"line":5,"column":38}},{"start":{"line":5,"column":42},"end":{"line":5,"column":66}}],"line":5},"4":{"loc":{"start":{"line":6,"column":4},"end":{"line":6,"column":79}},"type":"if","locations":[{"start":{"line":6,"column":4},"end":{"line":6,"column":79}},{"start":{"line":6,"column":4},"end":{"line":6,"column":79}}],"line":6},"5":{"loc":{"start":{"line":6,"column":8},"end":{"line":6,"column":45}},"type":"binary-expr","locations":[{"start":{"line":6,"column":8},"end":{"line":6,"column":21}},{"start":{"line":6,"column":25},"end":{"line":6,"column":45}}],"line":6},"6":{"loc":{"start":{"line":7,"column":4},"end":{"line":7,"column":91}},"type":"if","locations":[{"start":{"line":7,"column":4},"end":{"line":7,"column":91}},{"start":{"line":7,"column":4},"end":{"line":7,"column":91}}],"line":7},"7":{"loc":{"start":{"line":7,"column":8},"end":{"line":7,"column":51}},"type":"binary-expr","locations":[{"start":{"line":7,"column":8},"end":{"line":7,"column":24}},{"start":{"line":7,"column":28},"end":{"line":7,"column":51}}],"line":7},"8":{"loc":{"start":{"line":8,"column":4},"end":{"line":8,"column":70}},"type":"if","locations":[{"start":{"line":8,"column":4},"end":{"line":8,"column":70}},{"start":{"line":8,"column":4},"end":{"line":8,"column":70}}],"line":8},"9":{"loc":{"start":{"line":8,"column":8},"end":{"line":8,"column":39}},"type":"binary-expr","locations":[{"start":{"line":8,"column":8},"end":{"line":8,"column":18}},{"start":{"line":8,"column":22},"end":{"line":8,"column":39}}],"line":8},"10":{"loc":{"start":{"line":9,"column":4},"end":{"line":9,"column":73}},"type":"if","locations":[{"start":{"line":9,"column":4},"end":{"line":9,"column":73}},{"start":{"line":9,"column":4},"end":{"line":9,"column":73}}],"line":9},"11":{"loc":{"start":{"line":9,"column":8},"end":{"line":9,"column":39}},"type":"binary-expr","locations":[{"start":{"line":9,"column":8},"end":{"line":9,"column":18}},{"start":{"line":9,"column":22},"end":{"line":9,"column":39}}],"line":9},"12":{"loc":{"start":{"line":10,"column":4},"end":{"line":10,"column":85}},"type":"if","locations":[{"start":{"line":10,"column":4},"end":{"line":10,"column":85}},{"start":{"line":10,"column":4},"end":{"line":10,"column":85}}],"line":10},"13":{"loc":{"start":{"line":10,"column":8},"end":{"line":10,"column":49}},"type":"binary-expr","locations":[{"start":{"line":10,"column":8},"end":{"line":10,"column":23}},{"start":{"line":10,"column":27},"end":{"line":10,"column":49}}],"line":10},"14":{"loc":{"start":{"line":11,"column":4},"end":{"line":11,"column":73}},"type":"if","locations":[{"start":{"line":11,"column":4},"end":{"line":11,"column":73}},{"start":{"line":11,"column":4},"end":{"line":11,"column":73}}],"line":11},"15":{"loc":{"start":{"line":11,"column":8},"end":{"line":11,"column":39}},"type":"binary-expr","locations":[{"start":{"line":11,"column":8},"end":{"line":11,"column":18}},{"start":{"line":11,"column":22},"end":{"line":11,"column":39}}],"line":11}},"s":{"0":3,"1":12,"2":12,"3":1,"4":12,"5":4,"6":12,"7":1,"8":12,"9":1,"10":12,"11":1,"12":12,"13":1,"14":12,"15":1,"16":12,"17":1,"18":12},"f":{"0":12},"b":{"0":[1,11],"1":[12,1,1],"2":[4,8],"3":[12,11,4],"4":[1,11],"5":[12,1],"6":[1,11],"7":[12,1],"8":[1,11],"9":[12,1],"10":[1,11],"11":[12,1],"12":[1,11],"13":[12,1],"14":[1,11],"15":[12,1]},"_coverageSchema":"1a1c01bbd47fc00a2c39e90264f33305004495a9","hash":"dae8edd75fa4f2296c710be97d93047c0fec1c68"}
,"/Users/errysatrio/Works/test/test-bibit/2/helpers/response.js": {"path":"/Users/errysatrio/Works/test/test-bibit/2/helpers/response.js","statementMap":{"0":{"start":{"line":3,"column":21},"end":{"line":3,"column":55}},"1":{"start":{"line":15,"column":0},"end":{"line":32,"column":2}},"2":{"start":{"line":16,"column":2},"end":{"line":31,"column":3}},"3":{"start":{"line":17,"column":19},"end":{"line":17,"column":68}},"4":{"start":{"line":17,"column":47},"end":{"line":17,"column":67}},"5":{"start":{"line":18,"column":4},"end":{"line":18,"column":133}},"6":{"start":{"line":18,"column":25},"end":{"line":18,"column":133}},"7":{"start":{"line":20,"column":4},"end":{"line":24,"column":5}},"8":{"start":{"line":21,"column":6},"end":{"line":23,"column":7}},"9":{"start":{"line":22,"column":8},"end":{"line":22,"column":55}},"10":{"start":{"line":26,"column":4},"end":{"line":26,"column":62}},"11":{"start":{"line":26,"column":15},"end":{"line":26,"column":62}},"12":{"start":{"line":28,"column":4},"end":{"line":28,"column":107}},"13":{"start":{"line":30,"column":4},"end":{"line":30,"column":25}}},"fnMap":{"0":{"name":"(anonymous_0)","decl":{"start":{"line":15,"column":17},"end":{"line":15,"column":18}},"loc":{"start":{"line":15,"column":50},"end":{"line":32,"column":1}},"line":15},"1":{"name":"(anonymous_1)","decl":{"start":{"line":17,"column":37},"end":{"line":17,"column":38}},"loc":{"start":{"line":17,"column":47},"end":{"line":17,"column":67}},"line":17}},"branchMap":{"0":{"loc":{"start":{"line":18,"column":4},"end":{"line":18,"column":133}},"type":"if","locations":[{"start":{"line":18,"column":4},"end":{"line":18,"column":133}},{"start":{"line":18,"column":4},"end":{"line":18,"column":133}}],"line":18},"1":{"loc":{"start":{"line":18,"column":8},"end":{"line":18,"column":23}},"type":"binary-expr","locations":[{"start":{"line":18,"column":8},"end":{"line":18,"column":12}},{"start":{"line":18,"column":16},"end":{"line":18,"column":23}}],"line":18},"2":{"loc":{"start":{"line":20,"column":4},"end":{"line":24,"column":5}},"type":"if","locations":[{"start":{"line":20,"column":4},"end":{"line":24,"column":5}},{"start":{"line":20,"column":4},"end":{"line":24,"column":5}}],"line":20},"3":{"loc":{"start":{"line":20,"column":8},"end":{"line":20,"column":41}},"type":"binary-expr","locations":[{"start":{"line":20,"column":8},"end":{"line":20,"column":33}},{"start":{"line":20,"column":37},"end":{"line":20,"column":41}}],"line":20},"4":{"loc":{"start":{"line":21,"column":6},"end":{"line":23,"column":7}},"type":"if","locations":[{"start":{"line":21,"column":6},"end":{"line":23,"column":7}},{"start":{"line":21,"column":6},"end":{"line":23,"column":7}}],"line":21},"5":{"loc":{"start":{"line":26,"column":4},"end":{"line":26,"column":62}},"type":"if","locations":[{"start":{"line":26,"column":4},"end":{"line":26,"column":62}},{"start":{"line":26,"column":4},"end":{"line":26,"column":62}}],"line":26}},"s":{"0":3,"1":3,"2":4,"3":4,"4":8,"5":4,"6":0,"7":4,"8":2,"9":0,"10":4,"11":0,"12":4,"13":0},"f":{"0":4,"1":8},"b":{"0":[0,4],"1":[4,4],"2":[2,2],"3":[4,2],"4":[0,2],"5":[0,4]},"_coverageSchema":"1a1c01bbd47fc00a2c39e90264f33305004495a9","hash":"245aadb7a329e85c97380bc41a26efbebc2433ce"}
,"/Users/errysatrio/Works/test/test-bibit/2/models/index.js": {"path":"/Users/errysatrio/Works/test/test-bibit/2/models/index.js","statementMap":{"0":{"start":{"line":3,"column":11},"end":{"line":3,"column":24}},"1":{"start":{"line":4,"column":13},"end":{"line":4,"column":28}},"2":{"start":{"line":5,"column":18},"end":{"line":5,"column":38}},"3":{"start":{"line":6,"column":17},"end":{"line":6,"column":42}},"4":{"start":{"line":7,"column":12},"end":{"line":7,"column":49}},"5":{"start":{"line":8,"column":15},"end":{"line":8,"column":63}},"6":{"start":{"line":9,"column":11},"end":{"line":9,"column":13}},"7":{"start":{"line":12,"column":0},"end":{"line":16,"column":1}},"8":{"start":{"line":13,"column":2},"end":{"line":13,"column":74}},"9":{"start":{"line":15,"column":2},"end":{"line":15,"column":87}},"10":{"start":{"line":18,"column":0},"end":{"line":26,"column":5}},"11":{"start":{"line":21,"column":4},"end":{"line":21,"column":90}},"12":{"start":{"line":24,"column":18},"end":{"line":24,"column":85}},"13":{"start":{"line":25,"column":4},"end":{"line":25,"column":27}},"14":{"start":{"line":28,"column":0},"end":{"line":32,"column":3}},"15":{"start":{"line":29,"column":2},"end":{"line":31,"column":3}},"16":{"start":{"line":30,"column":4},"end":{"line":30,"column":32}},"17":{"start":{"line":34,"column":0},"end":{"line":34,"column":25}},"18":{"start":{"line":35,"column":0},"end":{"line":35,"column":25}},"19":{"start":{"line":37,"column":0},"end":{"line":37,"column":20}}},"fnMap":{"0":{"name":"(anonymous_0)","decl":{"start":{"line":20,"column":10},"end":{"line":20,"column":11}},"loc":{"start":{"line":20,"column":18},"end":{"line":22,"column":3}},"line":20},"1":{"name":"(anonymous_1)","decl":{"start":{"line":23,"column":11},"end":{"line":23,"column":12}},"loc":{"start":{"line":23,"column":19},"end":{"line":26,"column":3}},"line":23},"2":{"name":"(anonymous_2)","decl":{"start":{"line":28,"column":24},"end":{"line":28,"column":25}},"loc":{"start":{"line":28,"column":37},"end":{"line":32,"column":1}},"line":28}},"branchMap":{"0":{"loc":{"start":{"line":7,"column":12},"end":{"line":7,"column":49}},"type":"binary-expr","locations":[{"start":{"line":7,"column":12},"end":{"line":7,"column":32}},{"start":{"line":7,"column":36},"end":{"line":7,"column":49}}],"line":7},"1":{"loc":{"start":{"line":12,"column":0},"end":{"line":16,"column":1}},"type":"if","locations":[{"start":{"line":12,"column":0},"end":{"line":16,"column":1}},{"start":{"line":12,"column":0},"end":{"line":16,"column":1}}],"line":12},"2":{"loc":{"start":{"line":21,"column":11},"end":{"line":21,"column":89}},"type":"binary-expr","locations":[{"start":{"line":21,"column":12},"end":{"line":21,"column":35}},{"start":{"line":21,"column":41},"end":{"line":21,"column":58}},{"start":{"line":21,"column":64},"end":{"line":21,"column":88}}],"line":21},"3":{"loc":{"start":{"line":29,"column":2},"end":{"line":31,"column":3}},"type":"if","locations":[{"start":{"line":29,"column":2},"end":{"line":31,"column":3}},{"start":{"line":29,"column":2},"end":{"line":31,"column":3}}],"line":29}},"s":{"0":2,"1":2,"2":2,"3":2,"4":2,"5":2,"6":2,"7":2,"8":0,"9":2,"10":2,"11":4,"12":2,"13":2,"14":2,"15":2,"16":2,"17":2,"18":2,"19":2},"f":{"0":4,"1":2,"2":2},"b":{"0":[2,0],"1":[0,2],"2":[4,4,2],"3":[2,0]},"_coverageSchema":"1a1c01bbd47fc00a2c39e90264f33305004495a9","hash":"9787c0660a9c324d1024afb56c7eabddfde4f55a"}
,"/Users/errysatrio/Works/test/test-bibit/2/models/logs.js": {"path":"/Users/errysatrio/Works/test/test-bibit/2/models/logs.js","statementMap":{"0":{"start":{"line":4,"column":4},"end":{"line":4,"column":24}},"1":{"start":{"line":5,"column":0},"end":{"line":24,"column":2}},"2":{"start":{"line":16,"column":2},"end":{"line":22,"column":5}},"3":{"start":{"line":23,"column":2},"end":{"line":23,"column":14}}},"fnMap":{"0":{"name":"(anonymous_0)","decl":{"start":{"line":5,"column":17},"end":{"line":5,"column":18}},"loc":{"start":{"line":5,"column":43},"end":{"line":24,"column":1}},"line":5},"1":{"name":"(anonymous_1)","decl":{"start":{"line":12,"column":4},"end":{"line":12,"column":5}},"loc":{"start":{"line":12,"column":29},"end":{"line":14,"column":5}},"line":12}},"branchMap":{},"s":{"0":2,"1":2,"2":2,"3":2},"f":{"0":2,"1":2},"b":{},"_coverageSchema":"1a1c01bbd47fc00a2c39e90264f33305004495a9","hash":"aadc1bbd37e20dc731a41f3dce9ca26c28eca347"}
,"/Users/errysatrio/Works/test/test-bibit/2/repositories/index.js": {"path":"/Users/errysatrio/Works/test/test-bibit/2/repositories/index.js","statementMap":{"0":{"start":{"line":1,"column":24},"end":{"line":1,"column":52}},"1":{"start":{"line":3,"column":0},"end":{"line":5,"column":1}}},"fnMap":{},"branchMap":{},"s":{"0":2,"1":2},"f":{},"b":{},"_coverageSchema":"1a1c01bbd47fc00a2c39e90264f33305004495a9","hash":"0fc8ffcbf1df202fff38a8669ed0612336101b29"}
,"/Users/errysatrio/Works/test/test-bibit/2/repositories/logRepositories.js": {"path":"/Users/errysatrio/Works/test/test-bibit/2/repositories/logRepositories.js","statementMap":{"0":{"start":{"line":1,"column":17},"end":{"line":1,"column":37}},"1":{"start":{"line":3,"column":0},"end":{"line":11,"column":1}},"2":{"start":{"line":5,"column":20},"end":{"line":8,"column":10}},"3":{"start":{"line":9,"column":8},"end":{"line":9,"column":19}}},"fnMap":{"0":{"name":"(anonymous_0)","decl":{"start":{"line":4,"column":16},"end":{"line":4,"column":17}},"loc":{"start":{"line":4,"column":39},"end":{"line":10,"column":5}},"line":4}},"branchMap":{},"s":{"0":2,"1":2,"2":2,"3":2},"f":{"0":2},"b":{},"_coverageSchema":"1a1c01bbd47fc00a2c39e90264f33305004495a9","hash":"25032dbbb00596fec837801901487d63753fe6f7"}
,"/Users/errysatrio/Works/test/test-bibit/2/routes/detailRoutes.js": {"path":"/Users/errysatrio/Works/test/test-bibit/2/routes/detailRoutes.js","statementMap":{"0":{"start":{"line":1,"column":15},"end":{"line":1,"column":42}},"1":{"start":{"line":2,"column":30},"end":{"line":2,"column":55}},"2":{"start":{"line":4,"column":0},"end":{"line":4,"column":45}},"3":{"start":{"line":6,"column":0},"end":{"line":6,"column":23}}},"fnMap":{},"branchMap":{},"s":{"0":2,"1":2,"2":2,"3":2},"f":{},"b":{},"_coverageSchema":"1a1c01bbd47fc00a2c39e90264f33305004495a9","hash":"b103068f1a56ecf3ffff5d7277719de073f6f6a9"}
,"/Users/errysatrio/Works/test/test-bibit/2/routes/index.js": {"path":"/Users/errysatrio/Works/test/test-bibit/2/routes/index.js","statementMap":{"0":{"start":{"line":1,"column":16},"end":{"line":1,"column":34}},"1":{"start":{"line":2,"column":16},"end":{"line":2,"column":32}},"2":{"start":{"line":4,"column":21},"end":{"line":4,"column":46}},"3":{"start":{"line":5,"column":21},"end":{"line":5,"column":46}},"4":{"start":{"line":7,"column":0},"end":{"line":11,"column":2}},"5":{"start":{"line":8,"column":4},"end":{"line":10,"column":6}},"6":{"start":{"line":13,"column":0},"end":{"line":13,"column":38}},"7":{"start":{"line":14,"column":0},"end":{"line":14,"column":38}},"8":{"start":{"line":16,"column":0},"end":{"line":16,"column":24}}},"fnMap":{"0":{"name":"(anonymous_0)","decl":{"start":{"line":7,"column":19},"end":{"line":7,"column":20}},"loc":{"start":{"line":7,"column":37},"end":{"line":11,"column":1}},"line":7}},"branchMap":{},"s":{"0":2,"1":2,"2":2,"3":2,"4":2,"5":0,"6":2,"7":2,"8":2},"f":{"0":0},"b":{},"_coverageSchema":"1a1c01bbd47fc00a2c39e90264f33305004495a9","hash":"bbbe5ca88824044be4c58deb563c561ce937b4dd"}
,"/Users/errysatrio/Works/test/test-bibit/2/routes/searchRoutes.js": {"path":"/Users/errysatrio/Works/test/test-bibit/2/routes/searchRoutes.js","statementMap":{"0":{"start":{"line":1,"column":15},"end":{"line":1,"column":42}},"1":{"start":{"line":2,"column":48},"end":{"line":2,"column":73}},"2":{"start":{"line":4,"column":0},"end":{"line":4,"column":45}},"3":{"start":{"line":6,"column":0},"end":{"line":6,"column":23}}},"fnMap":{},"branchMap":{},"s":{"0":2,"1":2,"2":2,"3":2},"f":{},"b":{},"_coverageSchema":"1a1c01bbd47fc00a2c39e90264f33305004495a9","hash":"13066cd35e320a9e4cc18e51237038cfe9519cff"}
}
