TN:
SF:app.js
FNF:0
FNH:0
DA:4,2
DA:5,2
DA:6,2
DA:7,2
DA:8,2
DA:10,2
DA:11,2
DA:12,2
DA:14,2
DA:17,2
LF:10
LH:10
BRF:0
BRH:0
end_of_record
TN:
SF:config/config.js
FNF:0
FNH:0
DA:1,2
DA:3,2
DA:5,2
LF:3
LH:3
BRF:0
BRH:0
end_of_record
TN:
SF:controllers/detailControllers.js
FN:9,(anonymous_0)
FN:12,(anonymous_1)
FNF:2
FNH:2
FNDA:2,(anonymous_0)
FNDA:1,(anonymous_1)
DA:3,2
DA:4,2
DA:5,2
DA:6,2
DA:8,2
DA:10,2
DA:11,2
DA:12,2
DA:14,2
DA:15,2
DA:20,2
DA:22,1
DA:23,1
DA:25,1
LF:14
LH:14
BRDA:20,0,0,1
BRDA:20,0,1,1
BRF:2
BRH:2
end_of_record
TN:
SF:controllers/index.js
FNF:0
FNH:0
DA:1,2
DA:2,2
DA:4,2
LF:3
LH:3
BRF:0
BRH:0
end_of_record
TN:
SF:controllers/searchControllers.js
FN:9,(anonymous_0)
FN:12,(anonymous_1)
FNF:2
FNH:2
FNDA:2,(anonymous_0)
FNDA:2,(anonymous_1)
DA:3,2
DA:4,2
DA:5,2
DA:6,2
DA:8,2
DA:10,2
DA:11,2
DA:12,2
DA:13,2
DA:14,2
DA:19,2
DA:21,1
DA:23,1
DA:25,1
LF:14
LH:14
BRDA:19,0,0,1
BRDA:19,0,1,1
BRF:2
BRH:2
end_of_record
TN:
SF:helpers/index.js
FNF:0
FNH:0
DA:1,3
DA:2,3
DA:4,3
LF:3
LH:3
BRF:0
BRH:0
end_of_record
TN:
SF:helpers/queryGenerator.js
FN:1,querygenerator
FNF:1
FNH:1
FNDA:12,querygenerator
DA:1,3
DA:2,12
DA:4,12
DA:5,12
DA:6,12
DA:7,12
DA:8,12
DA:9,12
DA:10,12
DA:11,12
DA:13,12
LF:11
LH:11
BRDA:4,0,0,1
BRDA:4,0,1,11
BRDA:4,1,0,12
BRDA:4,1,1,1
BRDA:4,1,2,1
BRDA:5,2,0,4
BRDA:5,2,1,8
BRDA:5,3,0,12
BRDA:5,3,1,11
BRDA:5,3,2,4
BRDA:6,4,0,1
BRDA:6,4,1,11
BRDA:6,5,0,12
BRDA:6,5,1,1
BRDA:7,6,0,1
BRDA:7,6,1,11
BRDA:7,7,0,12
BRDA:7,7,1,1
BRDA:8,8,0,1
BRDA:8,8,1,11
BRDA:8,9,0,12
BRDA:8,9,1,1
BRDA:9,10,0,1
BRDA:9,10,1,11
BRDA:9,11,0,12
BRDA:9,11,1,1
BRDA:10,12,0,1
BRDA:10,12,1,11
BRDA:10,13,0,12
BRDA:10,13,1,1
BRDA:11,14,0,1
BRDA:11,14,1,11
BRDA:11,15,0,12
BRDA:11,15,1,1
BRF:34
BRH:34
end_of_record
TN:
SF:helpers/response.js
FN:15,(anonymous_0)
FN:17,(anonymous_1)
FNF:2
FNH:2
FNDA:4,(anonymous_0)
FNDA:8,(anonymous_1)
DA:3,3
DA:15,3
DA:16,4
DA:17,8
DA:18,4
DA:20,4
DA:21,2
DA:22,0
DA:26,4
DA:28,4
DA:30,0
LF:11
LH:9
BRDA:18,0,0,0
BRDA:18,0,1,4
BRDA:18,1,0,4
BRDA:18,1,1,4
BRDA:20,2,0,2
BRDA:20,2,1,2
BRDA:20,3,0,4
BRDA:20,3,1,2
BRDA:21,4,0,0
BRDA:21,4,1,2
BRDA:26,5,0,0
BRDA:26,5,1,4
BRF:12
BRH:9
end_of_record
TN:
SF:models/index.js
FN:20,(anonymous_0)
FN:23,(anonymous_1)
FN:28,(anonymous_2)
FNF:3
FNH:3
FNDA:4,(anonymous_0)
FNDA:2,(anonymous_1)
FNDA:2,(anonymous_2)
DA:3,2
DA:4,2
DA:5,2
DA:6,2
DA:7,2
DA:8,2
DA:9,2
DA:12,2
DA:13,0
DA:15,2
DA:18,2
DA:21,4
DA:24,2
DA:25,2
DA:28,2
DA:29,2
DA:30,2
DA:34,2
DA:35,2
DA:37,2
LF:20
LH:19
BRDA:7,0,0,2
BRDA:7,0,1,0
BRDA:12,1,0,0
BRDA:12,1,1,2
BRDA:21,2,0,4
BRDA:21,2,1,4
BRDA:21,2,2,2
BRDA:29,3,0,2
BRDA:29,3,1,0
BRF:9
BRH:6
end_of_record
TN:
SF:models/logs.js
FN:5,(anonymous_0)
FN:12,(anonymous_1)
FNF:2
FNH:2
FNDA:2,(anonymous_0)
FNDA:2,(anonymous_1)
DA:4,2
DA:5,2
DA:16,2
DA:23,2
LF:4
LH:4
BRF:0
BRH:0
end_of_record
TN:
SF:repositories/index.js
FNF:0
FNH:0
DA:1,2
DA:3,2
LF:2
LH:2
BRF:0
BRH:0
end_of_record
TN:
SF:repositories/logRepositories.js
FN:4,(anonymous_0)
FNF:1
FNH:1
FNDA:2,(anonymous_0)
DA:1,2
DA:3,2
DA:5,2
DA:9,2
LF:4
LH:4
BRF:0
BRH:0
end_of_record
TN:
SF:routes/detailRoutes.js
FNF:0
FNH:0
DA:1,2
DA:2,2
DA:4,2
DA:6,2
LF:4
LH:4
BRF:0
BRH:0
end_of_record
TN:
SF:routes/index.js
FN:7,(anonymous_0)
FNF:1
FNH:0
FNDA:0,(anonymous_0)
DA:1,2
DA:2,2
DA:4,2
DA:5,2
DA:7,2
DA:8,0
DA:13,2
DA:14,2
DA:16,2
LF:9
LH:8
BRF:0
BRH:0
end_of_record
TN:
SF:routes/searchRoutes.js
FNF:0
FNH:0
DA:1,2
DA:2,2
DA:4,2
DA:6,2
LF:4
LH:4
BRF:0
BRH:0
end_of_record
